bcb/build/outputs/logs/manifest-merger-debug-report.txt
-- Merging decision tree log ---
manifest
ADDED from src\main\AndroidManifest.xml:2:1-509:12
	package
		ADDED from src\main\AndroidManifest.xml:4:11-28
		INJECTED from src\main\AndroidManifest.xml
		INJECTED from src\main\AndroidManifest.xml
	android:versionName
		ADDED from src\main\AndroidManifest.xml:6:11-38
		INJECTED from src\main\AndroidManifest.xml
		INJECTED from src\main\AndroidManifest.xml
	xmlns:tools
		ADDED from src\main\AndroidManifest.xml:3:11-57
	android:versionCode
		ADDED from src\main\AndroidManifest.xml:5:11-35
		INJECTED from src\main\AndroidManifest.xml
		INJECTED from src\main\AndroidManifest.xml
	xmlns:android
		ADDED from src\main\AndroidManifest.xml:2:11-69
uses-sdk
ADDED from src\main\AndroidManifest.xml:8:5-10:40
MERGED from [com.android.volley:volley:unspecified] AndroidManifest.xml:7:5-43
MERGED from [bcb_android:spinnerwheel:unspecified] AndroidManifest.xml:7:5-9:41
MERGED from [com.android.support:appcompat-v7:23.1.1] AndroidManifest.xml:20:5-43
MERGED from [com.android.support:support-v4:23.2.0] AndroidManifest.xml:20:5-43
MERGED from [com.android.support:support-v13:23.2.0] AndroidManifest.xml:20:5-44
MERGED from [com.android.support:support-v4:23.2.0] AndroidManifest.xml:20:5-43
MERGED from [org.litepal.android:core:1.3.1] AndroidManifest.xml:7:5-9:41
MERGED from [com.bigkoo:alertview:1.0.2] AndroidManifest.xml:7:5-9:41
MERGED from [com.android.support:appcompat-v7:23.1.1] AndroidManifest.xml:20:5-43
MERGED from [com.android.support:support-v4:23.2.0] AndroidManifest.xml:20:5-43
MERGED from [com.tencent.bugly:crashreport:2.3.6] AndroidManifest.xml:5:5-7:41
MERGED from [pub.devrel:easypermissions:0.1.5] AndroidManifest.xml:8:5-10:41
MERGED from [com.android.support:appcompat-v7:23.1.1] AndroidManifest.xml:20:5-43
MERGED from [com.android.support:support-v4:23.2.0] AndroidManifest.xml:20:5-43
MERGED from [com.meiqia:meiqiasdk:3.2.4] AndroidManifest.xml:6:5-9:46
MERGED from [com.commit451:PhotoView:1.2.4] AndroidManifest.xml:8:5-10:41
MERGED from [com.android.support:support-v4:23.2.0] AndroidManifest.xml:20:5-43
MERGED from [com.google.android.gms:play-services-appindexing:8.1.0] AndroidManifest.xml:18:5-42
MERGED from [com.google.android.gms:play-services-basement:8.1.0] AndroidManifest.xml:18:5-42
MERGED from [com.android.support:support-v4:23.2.0] AndroidManifest.xml:20:5-43
	tools:overrideLibrary
		ADDED from [com.meiqia:meiqiasdk:3.2.4] AndroidManifest.xml:9:9-43
	android:targetSdkVersion
		ADDED from src\main\AndroidManifest.xml:10:9-38
		INJECTED from src\main\AndroidManifest.xml
		INJECTED from src\main\AndroidManifest.xml
	android:minSdkVersion
		ADDED from src\main\AndroidManifest.xml:9:9-35
		INJECTED from src\main\AndroidManifest.xml
		INJECTED from src\main\AndroidManifest.xml
PERMISSION#${applicationId}.permission.JPUSH_MESSAGE
ADDED from src\main\AndroidManifest.xml:13:5-15:46
	android:protectionLevel
		ADDED from src\main\AndroidManifest.xml:15:9-44
	android:name
		ADDED from src\main\AndroidManifest.xml:14:9-65
		INJECTED from src\main\AndroidManifest.xml
uses-permission#${applicationId}.permission.JPUSH_MESSAGE
ADDED from src\main\AndroidManifest.xml:18:5-80
	android:name
		ADDED from src\main\AndroidManifest.xml:18:22-78
		INJECTED from src\main\AndroidManifest.xml
uses-permission#android.permission.RECEIVE_USER_PRESENT
ADDED from src\main\AndroidManifest.xml:19:5-78
	android:name
		ADDED from src\main\AndroidManifest.xml:19:22-76
uses-permission#android.permission.WAKE_LOCK
ADDED from src\main\AndroidManifest.xml:20:5-67
	android:name
		ADDED from src\main\AndroidManifest.xml:20:22-65
uses-permission#android.permission.WRITE_SETTINGS
ADDED from src\main\AndroidManifest.xml:21:5-72
	android:name
		ADDED from src\main\AndroidManifest.xml:21:22-70
uses-permission#android.permission.VIBRATE
ADDED from src\main\AndroidManifest.xml:22:5-65
	android:name
		ADDED from src\main\AndroidManifest.xml:22:22-63
uses-permission#android.permission.ACCESS_COARSE_LOCATION
ADDED from src\main\AndroidManifest.xml:25:5-80
	android:name
		ADDED from src\main\AndroidManifest.xml:25:22-78
uses-permission#android.permission.ACCESS_FINE_LOCATION
ADDED from src\main\AndroidManifest.xml:26:5-78
	android:name
		ADDED from src\main\AndroidManifest.xml:26:22-76
uses-permission#android.permission.ACCESS_LOCATION_EXTRA_COMMANDS
ADDED from src\main\AndroidManifest.xml:27:5-88
	android:name
		ADDED from src\main\AndroidManifest.xml:27:22-86
uses-permission#android.permission.INTERNET
ADDED from src\main\AndroidManifest.xml:28:5-66
MERGED from [com.meiqia:meiqiasdk:3.2.4] AndroidManifest.xml:11:5-67
	android:name
		ADDED from src\main\AndroidManifest.xml:28:22-64
uses-permission#android.permission.CHANGE_NETWORK_STATE
ADDED from src\main\AndroidManifest.xml:29:5-78
	android:name
		ADDED from src\main\AndroidManifest.xml:29:22-76
uses-permission#android.permission.CHANGE_WIFI_STATE
ADDED from src\main\AndroidManifest.xml:30:5-75
	android:name
		ADDED from src\main\AndroidManifest.xml:30:22-73
uses-permission#android.permission.ACCESS_NETWORK_STATE
ADDED from src\main\AndroidManifest.xml:31:5-78
MERGED from [com.meiqia:meiqiasdk:3.2.4] AndroidManifest.xml:12:5-79
	android:name
		ADDED from src\main\AndroidManifest.xml:31:22-76
uses-permission#android.permission.ACCESS_WIFI_STATE
ADDED from src\main\AndroidManifest.xml:32:5-75
	android:name
		ADDED from src\main\AndroidManifest.xml:32:22-73
uses-permission#android.permission.MOUNT_UNMOUNT_FILESYSTEMS
ADDED from src\main\AndroidManifest.xml:33:5-83
	android:name
		ADDED from src\main\AndroidManifest.xml:33:22-81
uses-permission#android.permission.WRITE_EXTERNAL_STORAGE
ADDED from src\main\AndroidManifest.xml:34:5-80
MERGED from [com.meiqia:meiqiasdk:3.2.4] AndroidManifest.xml:13:5-81
	android:name
		ADDED from src\main\AndroidManifest.xml:34:22-78
uses-permission#android.permission.READ_EXTERNAL_STORAGE
ADDED from src\main\AndroidManifest.xml:35:5-79
	android:name
		ADDED from src\main\AndroidManifest.xml:35:22-77
uses-permission#android.permission.BLUETOOTH
ADDED from src\main\AndroidManifest.xml:36:5-67
	android:name
		ADDED from src\main\AndroidManifest.xml:36:22-65
uses-permission#android.permission.CALL_PHONE
ADDED from src\main\AndroidManifest.xml:37:5-68
	android:name
		ADDED from src\main\AndroidManifest.xml:37:22-66
uses-permission#android.permission.READ_PHONE_STATE
ADDED from src\main\AndroidManifest.xml:38:5-74
	android:name
		ADDED from src\main\AndroidManifest.xml:38:22-72
uses-permission#android.permission.READ_LOGS
ADDED from src\main\AndroidManifest.xml:39:5-67
	android:name
		ADDED from src\main\AndroidManifest.xml:39:22-65
uses-permission#android.permission.SYSTEM_ALERT_WINDOW
ADDED from src\main\AndroidManifest.xml:40:5-77
	android:name
		ADDED from src\main\AndroidManifest.xml:40:22-75
uses-permission#android.permission.SYSTEM_OVERLAY_WINDOW
ADDED from src\main\AndroidManifest.xml:41:5-79
	android:name
		ADDED from src\main\AndroidManifest.xml:41:22-77
application
ADDED from src\main\AndroidManifest.xml:43:5-507:19
MERGED from [com.android.volley:volley:unspecified] AndroidManifest.xml:9:5-20
MERGED from [bcb_android:spinnerwheel:unspecified] AndroidManifest.xml:11:5-15:19
MERGED from [com.android.support:appcompat-v7:23.1.1] AndroidManifest.xml:22:5-20
MERGED from [com.android.support:support-v4:23.2.0] AndroidManifest.xml:22:5-20
MERGED from [com.android.support:support-v13:23.2.0] AndroidManifest.xml:22:5-20
MERGED from [com.android.support:support-v4:23.2.0] AndroidManifest.xml:22:5-20
MERGED from [org.litepal.android:core:1.3.1] AndroidManifest.xml:11:5-14:19
MERGED from [com.android.support:appcompat-v7:23.1.1] AndroidManifest.xml:22:5-20
MERGED from [com.android.support:support-v4:23.2.0] AndroidManifest.xml:22:5-20
MERGED from [pub.devrel:easypermissions:0.1.5] AndroidManifest.xml:12:5-20
MERGED from [com.android.support:appcompat-v7:23.1.1] AndroidManifest.xml:22:5-20
MERGED from [com.android.support:support-v4:23.2.0] AndroidManifest.xml:22:5-20
MERGED from [com.meiqia:meiqiasdk:3.2.4] AndroidManifest.xml:16:5-72:19
MERGED from [com.android.support:support-v4:23.2.0] AndroidManifest.xml:22:5-20
MERGED from [com.google.android.gms:play-services-appindexing:8.1.0] AndroidManifest.xml:19:5-20
MERGED from [com.google.android.gms:play-services-basement:8.1.0] AndroidManifest.xml:20:5-24:19
MERGED from [com.android.support:support-v4:23.2.0] AndroidManifest.xml:22:5-20
	android:label
		ADDED from src\main\AndroidManifest.xml:46:9-41
	android:supportsRtl
		ADDED from [bcb_android:spinnerwheel:unspecified] AndroidManifest.xml:14:9-35
	android:icon
		ADDED from src\main\AndroidManifest.xml:45:9-42
	android:allowBackup
		ADDED from [bcb_android:spinnerwheel:unspecified] AndroidManifest.xml:12:9-35
	android:theme
		ADDED from src\main\AndroidManifest.xml:47:9-40
	tools:replace
		ADDED from src\main\AndroidManifest.xml:48:9-52
	android:name
		ADDED from src\main\AndroidManifest.xml:44:9-39
meta-data#com.amap.api.v2.apikey
ADDED from src\main\AndroidManifest.xml:51:9-53:63
	android:value
		ADDED from src\main\AndroidManifest.xml:53:13-61
	android:name
		ADDED from src\main\AndroidManifest.xml:52:13-50
service#com.amap.api.location.APSService
ADDED from src\main\AndroidManifest.xml:55:9-67
	android:name
		ADDED from src\main\AndroidManifest.xml:55:18-65
activity#com.bcb.presentation.view.activity.Activity_Start_Up
ADDED from src\main\AndroidManifest.xml:57:9-67:20
	android:screenOrientation
		ADDED from src\main\AndroidManifest.xml:60:13-49
	android:label
		ADDED from src\main\AndroidManifest.xml:59:13-45
	android:theme
		ADDED from src\main\AndroidManifest.xml:61:13-60
	android:name
		ADDED from src\main\AndroidManifest.xml:58:13-73
intent-filter#android.intent.action.MAIN+android.intent.category.LAUNCHER
ADDED from src\main\AndroidManifest.xml:62:13-66:29
action#android.intent.action.MAIN
ADDED from src\main\AndroidManifest.xml:63:17-68
	android:name
		ADDED from src\main\AndroidManifest.xml:63:25-66
category#android.intent.category.LAUNCHER
ADDED from src\main\AndroidManifest.xml:65:17-76
	android:name
		ADDED from src\main\AndroidManifest.xml:65:27-74
activity#com.bcb.presentation.view.activity.Activity_Main
ADDED from src\main\AndroidManifest.xml:68:9-73:20
	android:screenOrientation
		ADDED from src\main\AndroidManifest.xml:72:13-49
	android:label
		ADDED from src\main\AndroidManifest.xml:70:13-45
	android:launchMode
		ADDED from src\main\AndroidManifest.xml:71:13-44
	android:name
		ADDED from src\main\AndroidManifest.xml:69:13-69
activity#com.bcb.presentation.view.activity.Activity_Base
ADDED from src\main\AndroidManifest.xml:74:9-77:20
	android:label
		ADDED from src\main\AndroidManifest.xml:76:13-45
	android:name
		ADDED from src\main\AndroidManifest.xml:75:13-69
activity#com.bcb.presentation.view.activity.Activity_Browser
ADDED from src\main\AndroidManifest.xml:78:9-82:20
	android:screenOrientation
		ADDED from src\main\AndroidManifest.xml:81:13-49
	android:label
		ADDED from src\main\AndroidManifest.xml:80:13-45
	android:name
		ADDED from src\main\AndroidManifest.xml:79:13-72
activity#com.bcb.presentation.view.activity.Activity_Login
ADDED from src\main\AndroidManifest.xml:83:9-89:20
	android:screenOrientation
		ADDED from src\main\AndroidManifest.xml:87:13-49
	android:label
		ADDED from src\main\AndroidManifest.xml:85:13-45
	android:launchMode
		ADDED from src\main\AndroidManifest.xml:86:13-44
	android:windowSoftInputMode
		ADDED from src\main\AndroidManifest.xml:88:13-64
	android:name
		ADDED from src\main\AndroidManifest.xml:84:13-70
activity#com.bcb.presentation.view.activity.Activity_Register_Next
ADDED from src\main\AndroidManifest.xml:90:9-94:20
	android:screenOrientation
		ADDED from src\main\AndroidManifest.xml:93:13-49
	android:label
		ADDED from src\main\AndroidManifest.xml:92:13-45
	android:name
		ADDED from src\main\AndroidManifest.xml:91:13-78
activity#com.bcb.presentation.view.activity.Activity_Register_First
ADDED from src\main\AndroidManifest.xml:95:9-99:20
	android:screenOrientation
		ADDED from src\main\AndroidManifest.xml:98:13-49
	android:label
		ADDED from src\main\AndroidManifest.xml:97:13-45
	android:name
		ADDED from src\main\AndroidManifest.xml:96:13-79
activity#com.bcb.presentation.view.activity.Activity_Forget_Pwd
ADDED from src\main\AndroidManifest.xml:100:9-105:20
	android:screenOrientation
		ADDED from src\main\AndroidManifest.xml:103:13-49
	android:label
		ADDED from src\main\AndroidManifest.xml:102:13-45
	android:windowSoftInputMode
		ADDED from src\main\AndroidManifest.xml:104:13-67
	android:name
		ADDED from src\main\AndroidManifest.xml:101:13-75
activity#com.bcb.presentation.view.activity.Activity_Account_Setting
ADDED from src\main\AndroidManifest.xml:106:9-111:20
	android:screenOrientation
		ADDED from src\main\AndroidManifest.xml:109:13-49
	android:label
		ADDED from src\main\AndroidManifest.xml:108:13-45
	android:theme
		ADDED from src\main\AndroidManifest.xml:110:13-44
	android:name
		ADDED from src\main\AndroidManifest.xml:107:13-80
activity#com.bcb.presentation.view.activity.Activity_ChangePwd_Success
ADDED from src\main\AndroidManifest.xml:112:9-116:20
	android:screenOrientation
		ADDED from src\main\AndroidManifest.xml:115:13-49
	android:label
		ADDED from src\main\AndroidManifest.xml:114:13-45
	android:name
		ADDED from src\main\AndroidManifest.xml:113:13-82
activity#com.bcb.presentation.view.activity.Activity_Modify_Pwd
ADDED from src\main\AndroidManifest.xml:117:9-122:20
	android:screenOrientation
		ADDED from src\main\AndroidManifest.xml:120:13-49
	android:label
		ADDED from src\main\AndroidManifest.xml:119:13-45
	android:theme
		ADDED from src\main\AndroidManifest.xml:121:13-60
	android:name
		ADDED from src\main\AndroidManifest.xml:118:13-75
activity#com.bcb.presentation.view.activity.Activity_Setting_Pay_Pwd
ADDED from src\main\AndroidManifest.xml:123:9-127:20
	android:screenOrientation
		ADDED from src\main\AndroidManifest.xml:126:13-49
	android:label
		ADDED from src\main\AndroidManifest.xml:125:13-45
	android:name
		ADDED from src\main\AndroidManifest.xml:124:13-80
activity#com.bcb.presentation.view.activity.Activity_ChangeMoney_Success
ADDED from src\main\AndroidManifest.xml:128:9-132:20
	android:screenOrientation
		ADDED from src\main\AndroidManifest.xml:131:13-49
	android:label
		ADDED from src\main\AndroidManifest.xml:130:13-45
	android:name
		ADDED from src\main\AndroidManifest.xml:129:13-84
activity#com.bcb.presentation.view.activity.Activity_Withdraw
ADDED from src\main\AndroidManifest.xml:133:9-137:20
	android:screenOrientation
		ADDED from src\main\AndroidManifest.xml:136:13-49
	android:label
		ADDED from src\main\AndroidManifest.xml:135:13-45
	android:name
		ADDED from src\main\AndroidManifest.xml:134:13-73
activity#com.bcb.presentation.view.activity.Activity_Station_Change
ADDED from src\main\AndroidManifest.xml:138:9-142:20
	android:screenOrientation
		ADDED from src\main\AndroidManifest.xml:141:13-49
	android:label
		ADDED from src\main\AndroidManifest.xml:140:13-45
	android:name
		ADDED from src\main\AndroidManifest.xml:139:13-79
activity#com.bcb.presentation.view.activity.Activity_Money_Flowing_Water
ADDED from src\main\AndroidManifest.xml:144:9-148:20
	android:screenOrientation
		ADDED from src\main\AndroidManifest.xml:147:13-49
	android:label
		ADDED from src\main\AndroidManifest.xml:146:13-45
	android:name
		ADDED from src\main\AndroidManifest.xml:145:13-84
activity#com.bcb.presentation.view.activity.Activity_Transaction_Detail
ADDED from src\main\AndroidManifest.xml:150:9-154:20
	android:screenOrientation
		ADDED from src\main\AndroidManifest.xml:153:13-49
	android:label
		ADDED from src\main\AndroidManifest.xml:152:13-45
	android:name
		ADDED from src\main\AndroidManifest.xml:151:13-83
activity#com.bcb.presentation.view.activity.Activity_Trading_Record
ADDED from src\main\AndroidManifest.xml:155:9-160:20
	android:screenOrientation
		ADDED from src\main\AndroidManifest.xml:159:13-49
	android:label
		ADDED from src\main\AndroidManifest.xml:157:13-45
	android:launchMode
		ADDED from src\main\AndroidManifest.xml:158:13-44
	android:name
		ADDED from src\main\AndroidManifest.xml:156:13-79
activity#com.bcb.presentation.view.activity.Activity_Project_Investment_Details
ADDED from src\main\AndroidManifest.xml:161:9-165:20
	android:screenOrientation
		ADDED from src\main\AndroidManifest.xml:164:13-49
	android:label
		ADDED from src\main\AndroidManifest.xml:163:13-45
	android:name
		ADDED from src\main\AndroidManifest.xml:162:13-91
activity#com.bcb.presentation.view.activity.Activity_Select_Bank
ADDED from src\main\AndroidManifest.xml:166:9-170:20
	android:screenOrientation
		ADDED from src\main\AndroidManifest.xml:169:13-49
	android:label
		ADDED from src\main\AndroidManifest.xml:168:13-45
	android:name
		ADDED from src\main\AndroidManifest.xml:167:13-76
activity#com.bcb.presentation.view.activity.Activity_Province
ADDED from src\main\AndroidManifest.xml:171:9-175:20
	android:screenOrientation
		ADDED from src\main\AndroidManifest.xml:174:13-49
	android:label
		ADDED from src\main\AndroidManifest.xml:173:13-45
	android:name
		ADDED from src\main\AndroidManifest.xml:172:13-73
activity#com.bcb.presentation.view.activity.Activity_City
ADDED from src\main\AndroidManifest.xml:176:9-180:20
	android:screenOrientation
		ADDED from src\main\AndroidManifest.xml:179:13-49
	android:label
		ADDED from src\main\AndroidManifest.xml:178:13-45
	android:name
		ADDED from src\main\AndroidManifest.xml:177:13-69
activity#com.bcb.presentation.view.activity.Activity_BuyProject_Success
ADDED from src\main\AndroidManifest.xml:181:9-185:20
	android:screenOrientation
		ADDED from src\main\AndroidManifest.xml:184:13-49
	android:label
		ADDED from src\main\AndroidManifest.xml:183:13-45
	android:name
		ADDED from src\main\AndroidManifest.xml:182:13-83
activity#com.umeng.fb.ConversationActivity
ADDED from src\main\AndroidManifest.xml:186:9-188:51
	android:screenOrientation
		ADDED from src\main\AndroidManifest.xml:188:13-49
	android:name
		ADDED from src\main\AndroidManifest.xml:187:13-61
meta-data#UMENG_APPKEY
ADDED from src\main\AndroidManifest.xml:190:9-193:21
	android:value
		ADDED from src\main\AndroidManifest.xml:192:13-53
	android:name
		ADDED from src\main\AndroidManifest.xml:191:13-40
meta-data#UMENG_CHANNEL
ADDED from src\main\AndroidManifest.xml:194:9-196:38
	android:value
		ADDED from src\main\AndroidManifest.xml:196:13-36
	android:name
		ADDED from src\main\AndroidManifest.xml:195:13-41
service#com.umeng.update.net.DownloadingService
ADDED from src\main\AndroidManifest.xml:198:9-201:19
	android:process
		ADDED from src\main\AndroidManifest.xml:200:13-50
	android:name
		ADDED from src\main\AndroidManifest.xml:199:13-67
activity#com.umeng.update.UpdateDialogActivity
ADDED from src\main\AndroidManifest.xml:203:9-207:20
	android:screenOrientation
		ADDED from src\main\AndroidManifest.xml:205:13-49
	android:theme
		ADDED from src\main\AndroidManifest.xml:206:13-72
	android:name
		ADDED from src\main\AndroidManifest.xml:204:13-65
activity#com.bcb.presentation.view.activity.Activity_Recharge_First
ADDED from src\main\AndroidManifest.xml:210:9-214:20
	android:screenOrientation
		ADDED from src\main\AndroidManifest.xml:213:13-49
	android:label
		ADDED from src\main\AndroidManifest.xml:212:13-45
	android:name
		ADDED from src\main\AndroidManifest.xml:211:13-79
activity#com.bcb.presentation.view.activity.Activity_Recharge_Second
ADDED from src\main\AndroidManifest.xml:215:9-219:20
	android:screenOrientation
		ADDED from src\main\AndroidManifest.xml:218:13-49
	android:label
		ADDED from src\main\AndroidManifest.xml:217:13-45
	android:name
		ADDED from src\main\AndroidManifest.xml:216:13-80
activity#com.bcb.presentation.view.activity.Activity_Recharge_Confirm
ADDED from src\main\AndroidManifest.xml:220:9-224:20
	android:screenOrientation
		ADDED from src\main\AndroidManifest.xml:223:13-49
	android:label
		ADDED from src\main\AndroidManifest.xml:222:13-45
	android:name
		ADDED from src\main\AndroidManifest.xml:221:13-81
activity#com.bcb.presentation.view.activity.Activity_Recharge_WebView
ADDED from src\main\AndroidManifest.xml:225:9-228:51
	android:screenOrientation
		ADDED from src\main\AndroidManifest.xml:228:13-49
	android:label
		ADDED from src\main\AndroidManifest.xml:227:13-45
	android:name
		ADDED from src\main\AndroidManifest.xml:226:13-81
activity#com.bcb.presentation.view.activity.Activity_Select_Coupon
ADDED from src\main\AndroidManifest.xml:231:9-235:20
	android:screenOrientation
		ADDED from src\main\AndroidManifest.xml:234:13-49
	android:label
		ADDED from src\main\AndroidManifest.xml:233:13-45
	android:name
		ADDED from src\main\AndroidManifest.xml:232:13-78
activity#com.bcb.presentation.view.activity.Activity_Coupons
ADDED from src\main\AndroidManifest.xml:236:9-240:20
	android:screenOrientation
		ADDED from src\main\AndroidManifest.xml:239:13-49
	android:label
		ADDED from src\main\AndroidManifest.xml:238:13-45
	android:name
		ADDED from src\main\AndroidManifest.xml:237:13-72
activity#com.bcb.presentation.view.activity.Activity_Authentication
ADDED from src\main\AndroidManifest.xml:243:9-247:20
	android:screenOrientation
		ADDED from src\main\AndroidManifest.xml:246:13-49
	android:label
		ADDED from src\main\AndroidManifest.xml:245:13-45
	android:name
		ADDED from src\main\AndroidManifest.xml:244:13-79
activity#com.bcb.presentation.view.activity.Activity_Loan
ADDED from src\main\AndroidManifest.xml:250:9-254:20
	android:screenOrientation
		ADDED from src\main\AndroidManifest.xml:253:13-49
	android:label
		ADDED from src\main\AndroidManifest.xml:252:13-45
	android:name
		ADDED from src\main\AndroidManifest.xml:251:13-69
activity#com.bcb.presentation.view.activity.Activity_LoanList
ADDED from src\main\AndroidManifest.xml:255:9-258:51
	android:screenOrientation
		ADDED from src\main\AndroidManifest.xml:258:13-49
	android:label
		ADDED from src\main\AndroidManifest.xml:257:13-45
	android:name
		ADDED from src\main\AndroidManifest.xml:256:13-73
activity#com.bcb.presentation.view.activity.Activity_LoanRequest_Borrow
ADDED from src\main\AndroidManifest.xml:259:9-262:51
	android:screenOrientation
		ADDED from src\main\AndroidManifest.xml:262:13-49
	android:label
		ADDED from src\main\AndroidManifest.xml:261:13-45
	android:name
		ADDED from src\main\AndroidManifest.xml:260:13-83
activity#com.bcb.presentation.view.activity.Activity_Join_Company
ADDED from src\main\AndroidManifest.xml:263:9-266:51
	android:screenOrientation
		ADDED from src\main\AndroidManifest.xml:266:13-49
	android:label
		ADDED from src\main\AndroidManifest.xml:265:13-45
	android:name
		ADDED from src\main\AndroidManifest.xml:264:13-77
activity#com.bcb.presentation.view.activity.Activity_LoanRequest_Person
ADDED from src\main\AndroidManifest.xml:267:9-270:51
	android:screenOrientation
		ADDED from src\main\AndroidManifest.xml:270:13-49
	android:label
		ADDED from src\main\AndroidManifest.xml:269:13-45
	android:name
		ADDED from src\main\AndroidManifest.xml:268:13-83
activity#com.bcb.presentation.view.activity.Activity_LoanRequest_Job
ADDED from src\main\AndroidManifest.xml:271:9-274:51
	android:screenOrientation
		ADDED from src\main\AndroidManifest.xml:274:13-49
	android:label
		ADDED from src\main\AndroidManifest.xml:273:13-45
	android:name
		ADDED from src\main\AndroidManifest.xml:272:13-80
activity#com.bcb.presentation.view.activity.Activity_Loan_Introduction
ADDED from src\main\AndroidManifest.xml:275:9-278:51
	android:screenOrientation
		ADDED from src\main\AndroidManifest.xml:278:13-49
	android:label
		ADDED from src\main\AndroidManifest.xml:277:13-45
	android:name
		ADDED from src\main\AndroidManifest.xml:276:13-82
activity#com.bcb.presentation.view.activity.Activity_LoanRequest_Success
ADDED from src\main\AndroidManifest.xml:279:9-282:51
	android:screenOrientation
		ADDED from src\main\AndroidManifest.xml:282:13-49
	android:label
		ADDED from src\main\AndroidManifest.xml:281:13-45
	android:name
		ADDED from src\main\AndroidManifest.xml:280:13-84
activity#com.bcb.wxapi.WXEntryActivity
ADDED from src\main\AndroidManifest.xml:283:9-287:51
	android:screenOrientation
		ADDED from src\main\AndroidManifest.xml:287:13-49
	android:label
		ADDED from src\main\AndroidManifest.xml:286:13-45
	android:exported
		ADDED from src\main\AndroidManifest.xml:285:13-36
	android:name
		ADDED from src\main\AndroidManifest.xml:284:13-50
activity#com.bcb.presentation.view.activity.Activity_LoanList_Detail
ADDED from src\main\AndroidManifest.xml:288:9-291:51
	android:screenOrientation
		ADDED from src\main\AndroidManifest.xml:291:13-49
	android:label
		ADDED from src\main\AndroidManifest.xml:290:13-45
	android:name
		ADDED from src\main\AndroidManifest.xml:289:13-80
activity#com.bcb.presentation.view.activity.Activity_NormalProject_Introduction
ADDED from src\main\AndroidManifest.xml:292:9-295:51
	android:screenOrientation
		ADDED from src\main\AndroidManifest.xml:295:13-49
	android:label
		ADDED from src\main\AndroidManifest.xml:294:13-45
	android:name
		ADDED from src\main\AndroidManifest.xml:293:13-91
activity#com.bcb.presentation.view.activity.Activity_Project_Buy
ADDED from src\main\AndroidManifest.xml:296:9-299:51
	android:screenOrientation
		ADDED from src\main\AndroidManifest.xml:299:13-49
	android:label
		ADDED from src\main\AndroidManifest.xml:298:13-45
	android:name
		ADDED from src\main\AndroidManifest.xml:297:13-76
activity#com.bcb.presentation.view.activity.Activity_ExpiredProject_Introduction
ADDED from src\main\AndroidManifest.xml:300:9-303:51
	android:screenOrientation
		ADDED from src\main\AndroidManifest.xml:303:13-49
	android:label
		ADDED from src\main\AndroidManifest.xml:302:13-45
	android:name
		ADDED from src\main\AndroidManifest.xml:301:13-92
activity#com.bcb.presentation.view.activity.Activity_Select_Material
ADDED from src\main\AndroidManifest.xml:304:9-307:51
	android:screenOrientation
		ADDED from src\main\AndroidManifest.xml:307:13-49
	android:label
		ADDED from src\main\AndroidManifest.xml:306:13-45
	android:name
		ADDED from src\main\AndroidManifest.xml:305:13-80
activity#com.bcb.presentation.view.activity.Activity_Base_Fragment
ADDED from src\main\AndroidManifest.xml:308:9-311:51
	android:screenOrientation
		ADDED from src\main\AndroidManifest.xml:311:13-49
	android:label
		ADDED from src\main\AndroidManifest.xml:310:13-45
	android:name
		ADDED from src\main\AndroidManifest.xml:309:13-78
activity#com.bcb.presentation.view.activity.Activity_Gesture_Lock
ADDED from src\main\AndroidManifest.xml:312:9-316:51
	android:screenOrientation
		ADDED from src\main\AndroidManifest.xml:316:13-49
	android:label
		ADDED from src\main\AndroidManifest.xml:314:13-45
	android:launchMode
		ADDED from src\main\AndroidManifest.xml:315:13-43
	android:name
		ADDED from src\main\AndroidManifest.xml:313:13-77
activity#com.bcb.presentation.view.activity.Activity_Login_Introduction
ADDED from src\main\AndroidManifest.xml:317:9-320:51
	android:screenOrientation
		ADDED from src\main\AndroidManifest.xml:320:13-49
	android:label
		ADDED from src\main\AndroidManifest.xml:319:13-45
	android:name
		ADDED from src\main\AndroidManifest.xml:318:13-83
activity#com.bcb.presentation.view.activity.Activity_Money_Item_Detail
ADDED from src\main\AndroidManifest.xml:321:9-324:51
	android:screenOrientation
		ADDED from src\main\AndroidManifest.xml:324:13-49
	android:label
		ADDED from src\main\AndroidManifest.xml:323:13-45
	android:name
		ADDED from src\main\AndroidManifest.xml:322:13-82
activity#com.bcb.presentation.view.activity.Activity_Daily_Welfare
ADDED from src\main\AndroidManifest.xml:326:9-329:51
	android:screenOrientation
		ADDED from src\main\AndroidManifest.xml:329:13-49
	android:label
		ADDED from src\main\AndroidManifest.xml:328:13-45
	android:name
		ADDED from src\main\AndroidManifest.xml:327:13-78
activity#com.bcb.presentation.view.activity.Activity_Daily_Welfare_Result
ADDED from src\main\AndroidManifest.xml:330:9-335:55
	android:screenOrientation
		ADDED from src\main\AndroidManifest.xml:334:13-49
	android:label
		ADDED from src\main\AndroidManifest.xml:332:13-45
	android:launchMode
		ADDED from src\main\AndroidManifest.xml:333:13-44
	android:theme
		ADDED from src\main\AndroidManifest.xml:335:13-53
	android:name
		ADDED from src\main\AndroidManifest.xml:331:13-85
activity#com.bcb.presentation.view.activity.Activity_Daily_Welfare_Tip
ADDED from src\main\AndroidManifest.xml:336:9-339:51
	android:screenOrientation
		ADDED from src\main\AndroidManifest.xml:339:13-49
	android:label
		ADDED from src\main\AndroidManifest.xml:338:13-45
	android:name
		ADDED from src\main\AndroidManifest.xml:337:13-82
activity#com.bcb.presentation.view.activity.Activity_Daily_Welfare_Static
ADDED from src\main\AndroidManifest.xml:340:9-343:51
	android:screenOrientation
		ADDED from src\main\AndroidManifest.xml:343:13-49
	android:label
		ADDED from src\main\AndroidManifest.xml:342:13-45
	android:name
		ADDED from src\main\AndroidManifest.xml:341:13-85
activity#com.bcb.presentation.view.activity.Activity_Image_Display
ADDED from src\main\AndroidManifest.xml:345:9-348:51
	android:screenOrientation
		ADDED from src\main\AndroidManifest.xml:348:13-49
	android:label
		ADDED from src\main\AndroidManifest.xml:347:13-45
	android:name
		ADDED from src\main\AndroidManifest.xml:346:13-78
activity#com.bcb.presentation.view.activity.Activity_Love
ADDED from src\main\AndroidManifest.xml:350:9-353:51
	android:screenOrientation
		ADDED from src\main\AndroidManifest.xml:353:13-49
	android:label
		ADDED from src\main\AndroidManifest.xml:352:13-45
	android:name
		ADDED from src\main\AndroidManifest.xml:351:13-69
activity#com.bcb.presentation.view.activity.Activity_Privilege_Money
ADDED from src\main\AndroidManifest.xml:355:9-358:51
	android:screenOrientation
		ADDED from src\main\AndroidManifest.xml:358:13-49
	android:label
		ADDED from src\main\AndroidManifest.xml:357:13-45
	android:name
		ADDED from src\main\AndroidManifest.xml:356:13-80